# JRE version: OpenJDK Runtime Environment Temurin-21.0.10+7 (21.0.10+7) (build 21.0.10+7-LTS)
# Java VM: OpenJDK 64-Bit Server VM Temurin-21.0.10+7 (21.0.10+7-LTS, mixed mode, sharing, tiered, compressed oops, compressed class ptrs, parallel gc, windows-amd64)
GC Precious Log:
 CardTable entry size: 512
 CPUs: 8 total, 8 available
 Memory: 7103M
 Large Page Support: Disabled
 NUMA Support: Disabled
 Compressed Oops: Enabled (32-bit)
 Alignments: Space 512K, Generation 512K, Heap 2M
 Heap Min Capacity: 100M
 Heap Initial Capacity: 100M
 Heap Max Capacity: 2G
 Pre-touch: Disabled
 Parallel Workers: 8
Heap:
 PSYoungGen      total 6144K, used 2824K [0x00000000d5580000, 0x00000000d5d00000, 0x0000000100000000)
  eden space 5120K, 42% used [0x00000000d5580000,0x00000000d579ba68,0x00000000d5a80000)
  from space 1024K, 65% used [0x00000000d5b80000,0x00000000d5c26900,0x00000000d5c80000)
  to   space 512K, 0% used [0x00000000d5c80000,0x00000000d5c80000,0x00000000d5d00000)
 ParOldGen       total 102912K, used 102667K [0x0000000080000000, 0x0000000086480000, 0x00000000d5580000)
  object space 102912K, 99% used [0x0000000080000000,0x0000000086442c08,0x0000000086480000)
 Metaspace       used 65022K, committed 66624K, reserved 1114112K
  class space    used 6839K, committed 7552K, reserved 1048576K
GC Heap History (20 events):
Event: 35.292 GC heap before
{Heap before GC invocations=245 (full 3):
 PSYoungGen      total 5632K, used 5310K [0x00000000d5580000, 0x00000000d5d00000, 0x0000000100000000)
  eden space 5120K, 99% used [0x00000000d5580000,0x00000000d5a7fa50,0x00000000d5a80000)
  from space 512K, 37% used [0x00000000d5c00000,0x00000000d5c30000,0x00000000d5c80000)
  to   space 512K, 0% used [0x00000000d5c80000,0x00000000d5c80000,0x00000000d5d00000)
 ParOldGen       total 100352K, used 100152K [0x0000000080000000, 0x0000000086200000, 0x00000000d5580000)
  object space 100352K, 99% used [0x0000000080000000,0x00000000861ce338,0x0000000086200000)
 Metaspace       used 64182K, committed 65728K, reserved 1114112K
  class space    used 6789K, committed 7488K, reserved 1048576K
}
Event: 35.293 GC heap after
{Heap after GC invocations=245 (full 3):
 PSYoungGen      total 5632K, used 436K [0x00000000d5580000, 0x00000000d5d00000, 0x0000000100000000)
  eden space 5120K, 0% used [0x00000000d5580000,0x00000000d5580000,0x00000000d5a80000)
  from space 512K, 85% used [0x00000000d5c80000,0x00000000d5ced220,0x00000000d5d00000)
  to   space 512K, 0% used [0x00000000d5c00000,0x00000000d5c00000,0x00000000d5c80000)
 ParOldGen       total 100352K, used 100184K [0x0000000080000000, 0x0000000086200000, 0x00000000d5580000)
  object space 100352K, 99% used [0x0000000080000000,0x00000000861d6338,0x0000000086200000)
 Metaspace       used 64182K, committed 65728K, reserved 1114112K
  class space    used 6789K, committed 7488K, reserved 1048576K
}
Event: 35.315 GC heap before
{Heap before GC invocations=246 (full 3):
 PSYoungGen      total 5632K, used 5554K [0x00000000d5580000, 0x00000000d5d00000, 0x0000000100000000)
  eden space 5120K, 99% used [0x00000000d5580000,0x00000000d5a7f920,0x00000000d5a80000)
  from space 512K, 85% used [0x00000000d5c80000,0x00000000d5ced220,0x00000000d5d00000)
  to   space 512K, 0% used [0x00000000d5c00000,0x00000000d5c00000,0x00000000d5c80000)
 ParOldGen       total 100352K, used 100184K [0x0000000080000000, 0x0000000086200000, 0x00000000d5580000)
  object space 100352K, 99% used [0x0000000080000000,0x00000000861d6338,0x0000000086200000)
 Metaspace       used 64184K, committed 65728K, reserved 1114112K
  class space    used 6789K, committed 7488K, reserved 1048576K
}
Event: 35.316 GC heap after
{Heap after GC invocations=246 (full 3):
 PSYoungGen      total 5632K, used 326K [0x00000000d5580000, 0x00000000d5d00000, 0x0000000100000000)
  eden space 5120K, 0% used [0x00000000d5580000,0x00000000d5580000,0x00000000d5a80000)
  from space 512K, 63% used [0x00000000d5c00000,0x00000000d5c518e0,0x00000000d5c80000)
  to   space 512K, 0% used [0x00000000d5c80000,0x00000000d5c80000,0x00000000d5d00000)
 ParOldGen       total 100864K, used 100525K [0x0000000080000000, 0x0000000086280000, 0x00000000d5580000)
  object space 100864K, 99% used [0x0000000080000000,0x000000008622b558,0x0000000086280000)
 Metaspace       used 64184K, committed 65728K, reserved 1114112K
  class space    used 6789K, committed 7488K, reserved 1048576K
}
Event: 35.339 GC heap before
{Heap before GC invocations=247 (full 3):
 PSYoungGen      total 5632K, used 5446K [0x00000000d5580000, 0x00000000d5d00000, 0x0000000100000000)
  eden space 5120K, 100% used [0x00000000d5580000,0x00000000d5a80000,0x00000000d5a80000)
  from space 512K, 63% used [0x00000000d5c00000,0x00000000d5c518e0,0x00000000d5c80000)
  to   space 512K, 0% used [0x00000000d5c80000,0x00000000d5c80000,0x00000000d5d00000)
 ParOldGen       total 100864K, used 100525K [0x0000000080000000, 0x0000000086280000, 0x00000000d5580000)
  object space 100864K, 99% used [0x0000000080000000,0x000000008622b558,0x0000000086280000)
 Metaspace       used 64186K, committed 65728K, reserved 1114112K
  class space    used 6789K, committed 7488K, reserved 1048576K
}
Event: 35.340 GC heap after
{Heap after GC invocations=247 (full 3):
 PSYoungGen      total 5632K, used 276K [0x00000000d5580000, 0x00000000d5d00000, 0x0000000100000000)
  eden space 5120K, 0% used [0x00000000d5580000,0x00000000d5580000,0x00000000d5a80000)
  from space 512K, 54% used [0x00000000d5c80000,0x00000000d5cc5200,0x00000000d5d00000)
  to   space 512K, 0% used [0x00000000d5c00000,0x00000000d5c00000,0x00000000d5c80000)
 ParOldGen       total 100864K, used 100573K [0x0000000080000000, 0x0000000086280000, 0x00000000d5580000)
  object space 100864K, 99% used [0x0000000080000000,0x0000000086237558,0x0000000086280000)
 Metaspace       used 64186K, committed 65728K, reserved 1114112K
  class space    used 6789K, committed 7488K, reserved 1048576K
}
Event: 35.369 GC heap before
{Heap before GC invocations=248 (full 3):
 PSYoungGen      total 5632K, used 4795K [0x00000000d5580000, 0x00000000d5d00000, 0x0000000100000000)
  eden space 5120K, 88% used [0x00000000d5580000,0x00000000d59e9c70,0x00000000d5a80000)
  from space 512K, 54% used [0x00000000d5c80000,0x00000000d5cc5200,0x00000000d5d00000)
  to   space 512K, 0% used [0x00000000d5c00000,0x00000000d5c00000,0x00000000d5c80000)
 ParOldGen       total 100864K, used 100573K [0x0000000080000000, 0x0000000086280000, 0x00000000d5580000)
  object space 100864K, 99% used [0x0000000080000000,0x0000000086237558,0x0000000086280000)
 Metaspace       used 64193K, committed 65728K, reserved 1114112K
  class space    used 6789K, committed 7488K, reserved 1048576K
}
Event: 35.370 GC heap after
{Heap after GC invocations=248 (full 3):
 PSYoungGen      total 5632K, used 218K [0x00000000d5580000, 0x00000000d5d00000, 0x0000000100000000)
  eden space 5120K, 0% used [0x00000000d5580000,0x00000000d5580000,0x00000000d5a80000)
  from space 512K, 42% used [0x00000000d5c00000,0x00000000d5c36900,0x00000000d5c80000)
  to   space 512K, 0% used [0x00000000d5c80000,0x00000000d5c80000,0x00000000d5d00000)
 ParOldGen       total 100864K, used 100637K [0x0000000080000000, 0x0000000086280000, 0x00000000d5580000)
  object space 100864K, 99% used [0x0000000080000000,0x0000000086247558,0x0000000086280000)
 Metaspace       used 64193K, committed 65728K, reserved 1114112K
  class space    used 6789K, committed 7488K, reserved 1048576K
}
Event: 35.820 GC heap before
{Heap before GC invocations=249 (full 3):
 PSYoungGen      total 5632K, used 5338K [0x00000000d5580000, 0x00000000d5d00000, 0x0000000100000000)
  eden space 5120K, 100% used [0x00000000d5580000,0x00000000d5a80000,0x00000000d5a80000)
  from space 512K, 42% used [0x00000000d5c00000,0x00000000d5c36900,0x00000000d5c80000)
  to   space 512K, 0% used [0x00000000d5c80000,0x00000000d5c80000,0x00000000d5d00000)
 ParOldGen       total 100864K, used 100637K [0x0000000080000000, 0x0000000086280000, 0x00000000d5580000)
  object space 100864K, 99% used [0x0000000080000000,0x0000000086247558,0x0000000086280000)
 Metaspace       used 64250K, committed 65792K, reserved 1114112K
  class space    used 6791K, committed 7488K, reserved 1048576K
}
Event: 35.824 GC heap after
{Heap after GC invocations=249 (full 3):
 PSYoungGen      total 5632K, used 256K [0x00000000d5580000, 0x00000000d5d00000, 0x0000000100000000)
  eden space 5120K, 0% used [0x00000000d5580000,0x00000000d5580000,0x00000000d5a80000)
  from space 512K, 50% used [0x00000000d5c80000,0x00000000d5cc0000,0x00000000d5d00000)
  to   space 512K, 0% used [0x00000000d5c00000,0x00000000d5c00000,0x00000000d5c80000)
 ParOldGen       total 100864K, used 100685K [0x0000000080000000, 0x0000000086280000, 0x00000000d5580000)
  object space 100864K, 99% used [0x0000000080000000,0x0000000086253558,0x0000000086280000)
 Metaspace       used 64250K, committed 65792K, reserved 1114112K
  class space    used 6791K, committed 7488K, reserved 1048576K
}
Event: 35.986 GC heap before
{Heap before GC invocations=250 (full 3):
 PSYoungGen      total 5632K, used 5318K [0x00000000d5580000, 0x00000000d5d00000, 0x0000000100000000)
  eden space 5120K, 98% used [0x00000000d5580000,0x00000000d5a71908,0x00000000d5a80000)
  from space 512K, 50% used [0x00000000d5c80000,0x00000000d5cc0000,0x00000000d5d00000)
  to   space 512K, 0% used [0x00000000d5c00000,0x00000000d5c00000,0x00000000d5c80000)
 ParOldGen       total 100864K, used 100685K [0x0000000080000000, 0x0000000086280000, 0x00000000d5580000)
  object space 100864K, 99% used [0x0000000080000000,0x0000000086253558,0x0000000086280000)
 Metaspace       used 64493K, committed 66112K, reserved 1114112K
  class space    used 6818K, committed 7552K, reserved 1048576K
}
Event: 35.988 GC heap after
{Heap after GC invocations=250 (full 3):
 PSYoungGen      total 5632K, used 496K [0x00000000d5580000, 0x00000000d5d00000, 0x0000000100000000)
  eden space 5120K, 0% used [0x00000000d5580000,0x00000000d5580000,0x00000000d5a80000)
  from space 512K, 96% used [0x00000000d5c00000,0x00000000d5c7c010,0x00000000d5c80000)
  to   space 512K, 0% used [0x00000000d5c80000,0x00000000d5c80000,0x00000000d5d00000)
 ParOldGen       total 100864K, used 100809K [0x0000000080000000, 0x0000000086280000, 0x00000000d5580000)
  object space 100864K, 99% used [0x0000000080000000,0x00000000862727e8,0x0000000086280000)
 Metaspace       used 64493K, committed 66112K, reserved 1114112K
  class space    used 6818K, committed 7552K, reserved 1048576K
}
Event: 37.926 GC heap before
{Heap before GC invocations=251 (full 3):
 PSYoungGen      total 5632K, used 5615K [0x00000000d5580000, 0x00000000d5d00000, 0x0000000100000000)
  eden space 5120K, 99% used [0x00000000d5580000,0x00000000d5a7ffd0,0x00000000d5a80000)
  from space 512K, 96% used [0x00000000d5c00000,0x00000000d5c7c010,0x00000000d5c80000)
  to   space 512K, 0% used [0x00000000d5c80000,0x00000000d5c80000,0x00000000d5d00000)
 ParOldGen       total 100864K, used 100809K [0x0000000080000000, 0x0000000086280000, 0x00000000d5580000)
  object space 100864K, 99% used [0x0000000080000000,0x00000000862727e8,0x0000000086280000)
 Metaspace       used 64783K, committed 66432K, reserved 1114112K
  class space    used 6834K, committed 7552K, reserved 1048576K
}
Event: 37.928 GC heap after
{Heap after GC invocations=251 (full 3):
 PSYoungGen      total 5632K, used 416K [0x00000000d5580000, 0x00000000d5d00000, 0x0000000100000000)
  eden space 5120K, 0% used [0x00000000d5580000,0x00000000d5580000,0x00000000d5a80000)
  from space 512K, 81% used [0x00000000d5c80000,0x00000000d5ce8000,0x00000000d5d00000)
  to   space 512K, 0% used [0x00000000d5c00000,0x00000000d5c00000,0x00000000d5c80000)
 ParOldGen       total 101376K, used 100953K [0x0000000080000000, 0x0000000086300000, 0x00000000d5580000)
  object space 101376K, 99% used [0x0000000080000000,0x00000000862967e8,0x0000000086300000)
 Metaspace       used 64783K, committed 66432K, reserved 1114112K
  class space    used 6834K, committed 7552K, reserved 1048576K
}
Event: 38.047 GC heap before
{Heap before GC invocations=252 (full 3):
 PSYoungGen      total 5632K, used 5536K [0x00000000d5580000, 0x00000000d5d00000, 0x0000000100000000)
  eden space 5120K, 100% used [0x00000000d5580000,0x00000000d5a80000,0x00000000d5a80000)
  from space 512K, 81% used [0x00000000d5c80000,0x00000000d5ce8000,0x00000000d5d00000)
  to   space 512K, 0% used [0x00000000d5c00000,0x00000000d5c00000,0x00000000d5c80000)
 ParOldGen       total 101376K, used 100953K [0x0000000080000000, 0x0000000086300000, 0x00000000d5580000)
  object space 101376K, 99% used [0x0000000080000000,0x00000000862967e8,0x0000000086300000)
 Metaspace       used 64821K, committed 66432K, reserved 1114112K
  class space    used 6838K, committed 7552K, reserved 1048576K
}
Event: 38.050 GC heap after
{Heap after GC invocations=252 (full 3):
 PSYoungGen      total 5632K, used 500K [0x00000000d5580000, 0x00000000d5d80000, 0x0000000100000000)
  eden space 5120K, 0% used [0x00000000d5580000,0x00000000d5580000,0x00000000d5a80000)
  from space 512K, 97% used [0x00000000d5c00000,0x00000000d5c7d200,0x00000000d5c80000)
  to   space 1024K, 0% used [0x00000000d5c80000,0x00000000d5c80000,0x00000000d5d80000)
 ParOldGen       total 101888K, used 101465K [0x0000000080000000, 0x0000000086380000, 0x00000000d5580000)
  object space 101888K, 99% used [0x0000000080000000,0x00000000863167f8,0x0000000086380000)
 Metaspace       used 64821K, committed 66432K, reserved 1114112K
  class space    used 6838K, committed 7552K, reserved 1048576K
}
Event: 38.387 GC heap before
{Heap before GC invocations=253 (full 3):
 PSYoungGen      total 5632K, used 5620K [0x00000000d5580000, 0x00000000d5d80000, 0x0000000100000000)
  eden space 5120K, 100% used [0x00000000d5580000,0x00000000d5a80000,0x00000000d5a80000)
  from space 512K, 97% used [0x00000000d5c00000,0x00000000d5c7d200,0x00000000d5c80000)
  to   space 1024K, 0% used [0x00000000d5c80000,0x00000000d5c80000,0x00000000d5d80000)
 ParOldGen       total 101888K, used 101465K [0x0000000080000000, 0x0000000086380000, 0x00000000d5580000)
  object space 101888K, 99% used [0x0000000080000000,0x00000000863167f8,0x0000000086380000)
 Metaspace       used 64872K, committed 66432K, reserved 1114112K
  class space    used 6838K, committed 7552K, reserved 1048576K
}
Event: 38.389 GC heap after
{Heap after GC invocations=253 (full 3):
 PSYoungGen      total 6144K, used 842K [0x00000000d5580000, 0x00000000d5d80000, 0x0000000100000000)
  eden space 5120K, 0% used [0x00000000d5580000,0x00000000d5580000,0x00000000d5a80000)
  from space 1024K, 82% used [0x00000000d5c80000,0x00000000d5d52910,0x00000000d5d80000)
  to   space 1024K, 0% used [0x00000000d5b80000,0x00000000d5b80000,0x00000000d5c80000)
 ParOldGen       total 102400K, used 101974K [0x0000000080000000, 0x0000000086400000, 0x00000000d5580000)
  object space 102400K, 99% used [0x0000000080000000,0x00000000863959f8,0x0000000086400000)
 Metaspace       used 64872K, committed 66432K, reserved 1114112K
  class space    used 6838K, committed 7552K, reserved 1048576K
}
Event: 40.564 GC heap before
{Heap before GC invocations=254 (full 3):
 PSYoungGen      total 6144K, used 5962K [0x00000000d5580000, 0x00000000d5d80000, 0x0000000100000000)
  eden space 5120K, 100% used [0x00000000d5580000,0x00000000d5a80000,0x00000000d5a80000)
  from space 1024K, 82% used [0x00000000d5c80000,0x00000000d5d52910,0x00000000d5d80000)
  to   space 1024K, 0% used [0x00000000d5b80000,0x00000000d5b80000,0x00000000d5c80000)
 ParOldGen       total 102400K, used 101974K [0x0000000080000000, 0x0000000086400000, 0x00000000d5580000)
  object space 102400K, 99% used [0x0000000080000000,0x00000000863959f8,0x0000000086400000)
 Metaspace       used 64925K, committed 66496K, reserved 1114112K
  class space    used 6838K, committed 7552K, reserved 1048576K
}
Event: 40.566 GC heap after
{Heap after GC invocations=254 (full 3):
 PSYoungGen      total 6144K, used 666K [0x00000000d5580000, 0x00000000d5d00000, 0x0000000100000000)
  eden space 5120K, 0% used [0x00000000d5580000,0x00000000d5580000,0x00000000d5a80000)
  from space 1024K, 65% used [0x00000000d5b80000,0x00000000d5c26900,0x00000000d5c80000)
  to   space 512K, 0% used [0x00000000d5c80000,0x00000000d5c80000,0x00000000d5d00000)
 ParOldGen       total 102912K, used 102667K [0x0000000080000000, 0x0000000086480000, 0x00000000d5580000)
  object space 102912K, 99% used [0x0000000080000000,0x0000000086442c08,0x0000000086480000)
 Metaspace       used 64925K, committed 66496K, reserved 1114112K
  class space    used 6838K, committed 7552K, reserved 1048576K
}

