# JRE version: Java(TM) SE Runtime Environment (21.0.3+7) (build 21.0.3+7-LTS-152)
# Java VM: Java HotSpot(TM) 64-Bit Server VM (21.0.3+7-LTS-152, mixed mode, sharing, tiered, compressed oops, compressed class ptrs, g1 gc, windows-amd64)
GC Precious Log:
 CardTable entry size: 512
 Card Set container configuration: InlinePtr #cards 5 size 8 Array Of Cards #cards 12 size 40 Howl #buckets 4 coarsen threshold 1843 Howl Bitmap #cards 512 size 80 coarsen threshold 460 Card regions per heap region 1 cards per card region 2048
 CPUs: 8 total, 8 available
 Memory: 8025M
 Large Page Support: Disabled
 NUMA Support: Disabled
 Compressed Oops: Enabled (32-bit)
 Heap Region Size: 1M
 Heap Min Capacity: 8M
 Heap Initial Capacity: 126M
 Heap Max Capacity: 2008M
 Pre-touch: Disabled
 Parallel Workers: 8
 Concurrent Workers: 2
 Concurrent Refinement Workers: 8
 Periodic GC: Disabled
Heap:
 garbage-first heap   total 212992K, used 146177K [0x0000000082800000, 0x0000000100000000)
  region size 1024K, 74 young (75776K), 4 survivors (4096K)
 Metaspace       used 31406K, committed 31872K, reserved 1114112K
  class space    used 3425K, committed 3648K, reserved 1048576K
GC Heap History (20 events):
Event: 125.257 GC heap before
{Heap before GC invocations=5 (full 0):
 garbage-first heap   total 129024K, used 33265K [0x0000000082800000, 0x0000000100000000)
  region size 1024K, 11 young (11264K), 10 survivors (10240K)
 Metaspace       used 21026K, committed 21312K, reserved 1114112K
  class space    used 2349K, committed 2496K, reserved 1048576K
}
Event: 125.408 GC heap after
{Heap after GC invocations=6 (full 0):
 garbage-first heap   total 129024K, used 34304K [0x0000000082800000, 0x0000000100000000)
  region size 1024K, 2 young (2048K), 2 survivors (2048K)
 Metaspace       used 21026K, committed 21312K, reserved 1114112K
  class space    used 2349K, committed 2496K, reserved 1048576K
}
Event: 125.553 GC heap before
{Heap before GC invocations=6 (full 0):
 garbage-first heap   total 129024K, used 34304K [0x0000000082800000, 0x0000000100000000)
  region size 1024K, 3 young (3072K), 2 survivors (2048K)
 Metaspace       used 21147K, committed 21504K, reserved 1114112K
  class space    used 2354K, committed 2496K, reserved 1048576K
}
Event: 125.569 GC heap after
{Heap after GC invocations=7 (full 0):
 garbage-first heap   total 129024K, used 33251K [0x0000000082800000, 0x0000000100000000)
  region size 1024K, 1 young (1024K), 1 survivors (1024K)
 Metaspace       used 21147K, committed 21504K, reserved 1114112K
  class space    used 2354K, committed 2496K, reserved 1048576K
}
Event: 133.364 GC heap before
{Heap before GC invocations=8 (full 0):
 garbage-first heap   total 106496K, used 75235K [0x0000000082800000, 0x0000000100000000)
  region size 1024K, 45 young (46080K), 1 survivors (1024K)
 Metaspace       used 26754K, committed 27200K, reserved 1114112K
  class space    used 2983K, committed 3200K, reserved 1048576K
}
Event: 133.413 GC heap after
{Heap after GC invocations=9 (full 0):
 garbage-first heap   total 106496K, used 41780K [0x0000000082800000, 0x0000000100000000)
  region size 1024K, 6 young (6144K), 6 survivors (6144K)
 Metaspace       used 26754K, committed 27200K, reserved 1114112K
  class space    used 2983K, committed 3200K, reserved 1048576K
}
Event: 135.079 GC heap before
{Heap before GC invocations=9 (full 0):
 garbage-first heap   total 106496K, used 61236K [0x0000000082800000, 0x0000000100000000)
  region size 1024K, 24 young (24576K), 6 survivors (6144K)
 Metaspace       used 27090K, committed 27456K, reserved 1114112K
  class space    used 3018K, committed 3200K, reserved 1048576K
}
Event: 135.111 GC heap after
{Heap after GC invocations=10 (full 0):
 garbage-first heap   total 106496K, used 47104K [0x0000000082800000, 0x0000000100000000)
  region size 1024K, 3 young (3072K), 3 survivors (3072K)
 Metaspace       used 27090K, committed 27456K, reserved 1114112K
  class space    used 3018K, committed 3200K, reserved 1048576K
}
Event: 138.145 GC heap before
{Heap before GC invocations=10 (full 0):
 garbage-first heap   total 106496K, used 84992K [0x0000000082800000, 0x0000000100000000)
  region size 1024K, 40 young (40960K), 3 survivors (3072K)
 Metaspace       used 27670K, committed 28032K, reserved 1114112K
  class space    used 3078K, committed 3264K, reserved 1048576K
}
Event: 138.179 GC heap after
{Heap after GC invocations=11 (full 0):
 garbage-first heap   total 106496K, used 57856K [0x0000000082800000, 0x0000000100000000)
  region size 1024K, 5 young (5120K), 5 survivors (5120K)
 Metaspace       used 27670K, committed 28032K, reserved 1114112K
  class space    used 3078K, committed 3264K, reserved 1048576K
}
Event: 139.478 GC heap before
{Heap before GC invocations=11 (full 0):
 garbage-first heap   total 106496K, used 87552K [0x0000000082800000, 0x0000000100000000)
  region size 1024K, 34 young (34816K), 5 survivors (5120K)
 Metaspace       used 28012K, committed 28352K, reserved 1114112K
  class space    used 3089K, committed 3264K, reserved 1048576K
}
Event: 139.517 GC heap after
{Heap after GC invocations=12 (full 0):
 garbage-first heap   total 212992K, used 62976K [0x0000000082800000, 0x0000000100000000)
  region size 1024K, 5 young (5120K), 5 survivors (5120K)
 Metaspace       used 28012K, committed 28352K, reserved 1114112K
  class space    used 3089K, committed 3264K, reserved 1048576K
}
Event: 140.847 GC heap before
{Heap before GC invocations=13 (full 0):
 garbage-first heap   total 212992K, used 107008K [0x0000000082800000, 0x0000000100000000)
  region size 1024K, 48 young (49152K), 5 survivors (5120K)
 Metaspace       used 28134K, committed 28480K, reserved 1114112K
  class space    used 3092K, committed 3264K, reserved 1048576K
}
Event: 140.865 GC heap after
{Heap after GC invocations=14 (full 0):
 garbage-first heap   total 212992K, used 68397K [0x0000000082800000, 0x0000000100000000)
  region size 1024K, 5 young (5120K), 5 survivors (5120K)
 Metaspace       used 28134K, committed 28480K, reserved 1114112K
  class space    used 3092K, committed 3264K, reserved 1048576K
}
Event: 142.073 GC heap before
{Heap before GC invocations=14 (full 0):
 garbage-first heap   total 212992K, used 122669K [0x0000000082800000, 0x0000000100000000)
  region size 1024K, 58 young (59392K), 5 survivors (5120K)
 Metaspace       used 28803K, committed 29184K, reserved 1114112K
  class space    used 3129K, committed 3328K, reserved 1048576K
}
Event: 142.099 GC heap after
{Heap after GC invocations=15 (full 0):
 garbage-first heap   total 212992K, used 71546K [0x0000000082800000, 0x0000000100000000)
  region size 1024K, 4 young (4096K), 4 survivors (4096K)
 Metaspace       used 28803K, committed 29184K, reserved 1114112K
  class space    used 3129K, committed 3328K, reserved 1048576K
}
Event: 144.163 GC heap before
{Heap before GC invocations=15 (full 0):
 garbage-first heap   total 212992K, used 129914K [0x0000000082800000, 0x0000000100000000)
  region size 1024K, 62 young (63488K), 4 survivors (4096K)
 Metaspace       used 30658K, committed 31040K, reserved 1114112K
  class space    used 3329K, committed 3520K, reserved 1048576K
}
Event: 144.187 GC heap after
{Heap after GC invocations=16 (full 0):
 garbage-first heap   total 212992K, used 74451K [0x0000000082800000, 0x0000000100000000)
  region size 1024K, 7 young (7168K), 7 survivors (7168K)
 Metaspace       used 30658K, committed 31040K, reserved 1114112K
  class space    used 3329K, committed 3520K, reserved 1048576K
}
Event: 145.496 GC heap before
{Heap before GC invocations=16 (full 0):
 garbage-first heap   total 212992K, used 158419K [0x0000000082800000, 0x0000000100000000)
  region size 1024K, 89 young (91136K), 7 survivors (7168K)
 Metaspace       used 31216K, committed 31680K, reserved 1114112K
  class space    used 3411K, committed 3648K, reserved 1048576K
}
Event: 145.510 GC heap after
{Heap after GC invocations=17 (full 0):
 garbage-first heap   total 212992K, used 75521K [0x0000000082800000, 0x0000000100000000)
  region size 1024K, 4 young (4096K), 4 survivors (4096K)
 Metaspace       used 31216K, committed 31680K, reserved 1114112K
  class space    used 3411K, committed 3648K, reserved 1048576K
}

