# JRE version: OpenJDK Runtime Environment Temurin-21.0.10+7 (21.0.10+7) (build 21.0.10+7-LTS)
# Java VM: OpenJDK 64-Bit Server VM Temurin-21.0.10+7 (21.0.10+7-LTS, mixed mode, sharing, tiered, compressed oops, compressed class ptrs, parallel gc, windows-amd64)
GC Precious Log:
 CardTable entry size: 512
 CPUs: 8 total, 8 available
 Memory: 7103M
 Large Page Support: Disabled
 NUMA Support: Disabled
 Compressed Oops: Enabled (32-bit)
 Alignments: Space 512K, Generation 512K, Heap 2M
 Heap Min Capacity: 100M
 Heap Initial Capacity: 100M
 Heap Max Capacity: 2G
 Pre-touch: Disabled
 Parallel Workers: 8
Heap:
 PSYoungGen      total 16384K, used 11063K [0x00000000d5580000, 0x00000000d6780000, 0x0000000100000000)
  eden space 15360K, 66% used [0x00000000d5580000,0x00000000d5f8b810,0x00000000d6480000)
  from space 1024K, 75% used [0x00000000d6480000,0x00000000d6542730,0x00000000d6580000)
  to   space 1536K, 0% used [0x00000000d6600000,0x00000000d6600000,0x00000000d6780000)
 ParOldGen       total 68608K, used 51259K [0x0000000080000000, 0x0000000084300000, 0x00000000d5580000)
  object space 68608K, 74% used [0x0000000080000000,0x000000008320ec30,0x0000000084300000)
 Metaspace       used 55127K, committed 56448K, reserved 1114112K
  class space    used 5969K, committed 6528K, reserved 1048576K
GC Heap History (20 events):
Event: 11.117 GC heap before
{Heap before GC invocations=28 (full 2):
 PSYoungGen      total 18432K, used 18080K [0x00000000d5580000, 0x00000000d6a80000, 0x0000000100000000)
  eden space 16384K, 100% used [0x00000000d5580000,0x00000000d6580000,0x00000000d6580000)
  from space 2048K, 82% used [0x00000000d6580000,0x00000000d6728000,0x00000000d6780000)
  to   space 2560K, 0% used [0x00000000d6800000,0x00000000d6800000,0x00000000d6a80000)
 ParOldGen       total 68608K, used 40033K [0x0000000080000000, 0x0000000084300000, 0x00000000d5580000)
  object space 68608K, 58% used [0x0000000080000000,0x0000000082718620,0x0000000084300000)
 Metaspace       used 49013K, committed 50368K, reserved 1114112K
  class space    used 5327K, committed 5888K, reserved 1048576K
}
Event: 11.122 GC heap after
{Heap after GC invocations=28 (full 2):
 PSYoungGen      total 18432K, used 1540K [0x00000000d5580000, 0x00000000d6a00000, 0x0000000100000000)
  eden space 16384K, 0% used [0x00000000d5580000,0x00000000d5580000,0x00000000d6580000)
  from space 2048K, 75% used [0x00000000d6800000,0x00000000d6981000,0x00000000d6a00000)
  to   space 2048K, 0% used [0x00000000d6580000,0x00000000d6580000,0x00000000d6780000)
 ParOldGen       total 68608K, used 41641K [0x0000000080000000, 0x0000000084300000, 0x00000000d5580000)
  object space 68608K, 60% used [0x0000000080000000,0x00000000828aa620,0x0000000084300000)
 Metaspace       used 49013K, committed 50368K, reserved 1114112K
  class space    used 5327K, committed 5888K, reserved 1048576K
}
Event: 11.186 GC heap before
{Heap before GC invocations=29 (full 2):
 PSYoungGen      total 18432K, used 17924K [0x00000000d5580000, 0x00000000d6a00000, 0x0000000100000000)
  eden space 16384K, 100% used [0x00000000d5580000,0x00000000d6580000,0x00000000d6580000)
  from space 2048K, 75% used [0x00000000d6800000,0x00000000d6981000,0x00000000d6a00000)
  to   space 2048K, 0% used [0x00000000d6580000,0x00000000d6580000,0x00000000d6780000)
 ParOldGen       total 68608K, used 41641K [0x0000000080000000, 0x0000000084300000, 0x00000000d5580000)
  object space 68608K, 60% used [0x0000000080000000,0x00000000828aa620,0x0000000084300000)
 Metaspace       used 49013K, committed 50368K, reserved 1114112K
  class space    used 5327K, committed 5888K, reserved 1048576K
}
Event: 11.189 GC heap after
{Heap after GC invocations=29 (full 2):
 PSYoungGen      total 18432K, used 1536K [0x00000000d5580000, 0x00000000d6980000, 0x0000000100000000)
  eden space 16384K, 0% used [0x00000000d5580000,0x00000000d5580000,0x00000000d6580000)
  from space 2048K, 75% used [0x00000000d6580000,0x00000000d6700000,0x00000000d6780000)
  to   space 2048K, 0% used [0x00000000d6780000,0x00000000d6780000,0x00000000d6980000)
 ParOldGen       total 68608K, used 43121K [0x0000000080000000, 0x0000000084300000, 0x00000000d5580000)
  object space 68608K, 62% used [0x0000000080000000,0x0000000082a1c720,0x0000000084300000)
 Metaspace       used 49013K, committed 50368K, reserved 1114112K
  class space    used 5327K, committed 5888K, reserved 1048576K
}
Event: 11.557 GC heap before
{Heap before GC invocations=30 (full 2):
 PSYoungGen      total 18432K, used 17920K [0x00000000d5580000, 0x00000000d6980000, 0x0000000100000000)
  eden space 16384K, 100% used [0x00000000d5580000,0x00000000d6580000,0x00000000d6580000)
  from space 2048K, 75% used [0x00000000d6580000,0x00000000d6700000,0x00000000d6780000)
  to   space 2048K, 0% used [0x00000000d6780000,0x00000000d6780000,0x00000000d6980000)
 ParOldGen       total 68608K, used 43121K [0x0000000080000000, 0x0000000084300000, 0x00000000d5580000)
  object space 68608K, 62% used [0x0000000080000000,0x0000000082a1c720,0x0000000084300000)
 Metaspace       used 49035K, committed 50432K, reserved 1114112K
  class space    used 5328K, committed 5952K, reserved 1048576K
}
Event: 11.562 GC heap after
{Heap after GC invocations=30 (full 2):
 PSYoungGen      total 18432K, used 1888K [0x00000000d5580000, 0x00000000d6980000, 0x0000000100000000)
  eden space 16384K, 0% used [0x00000000d5580000,0x00000000d5580000,0x00000000d6580000)
  from space 2048K, 92% used [0x00000000d6780000,0x00000000d6958010,0x00000000d6980000)
  to   space 2048K, 0% used [0x00000000d6580000,0x00000000d6580000,0x00000000d6780000)
 ParOldGen       total 68608K, used 44425K [0x0000000080000000, 0x0000000084300000, 0x00000000d5580000)
  object space 68608K, 64% used [0x0000000080000000,0x0000000082b62720,0x0000000084300000)
 Metaspace       used 49035K, committed 50432K, reserved 1114112K
  class space    used 5328K, committed 5952K, reserved 1048576K
}
Event: 11.633 GC heap before
{Heap before GC invocations=31 (full 2):
 PSYoungGen      total 18432K, used 18272K [0x00000000d5580000, 0x00000000d6980000, 0x0000000100000000)
  eden space 16384K, 100% used [0x00000000d5580000,0x00000000d6580000,0x00000000d6580000)
  from space 2048K, 92% used [0x00000000d6780000,0x00000000d6958010,0x00000000d6980000)
  to   space 2048K, 0% used [0x00000000d6580000,0x00000000d6580000,0x00000000d6780000)
 ParOldGen       total 68608K, used 44425K [0x0000000080000000, 0x0000000084300000, 0x00000000d5580000)
  object space 68608K, 64% used [0x0000000080000000,0x0000000082b62720,0x0000000084300000)
 Metaspace       used 49065K, committed 50432K, reserved 1114112K
  class space    used 5330K, committed 5952K, reserved 1048576K
}
Event: 11.637 GC heap after
{Heap after GC invocations=31 (full 2):
 PSYoungGen      total 18432K, used 1472K [0x00000000d5580000, 0x00000000d6980000, 0x0000000100000000)
  eden space 16384K, 0% used [0x00000000d5580000,0x00000000d5580000,0x00000000d6580000)
  from space 2048K, 71% used [0x00000000d6580000,0x00000000d66f0000,0x00000000d6780000)
  to   space 2048K, 0% used [0x00000000d6780000,0x00000000d6780000,0x00000000d6980000)
 ParOldGen       total 68608K, used 46081K [0x0000000080000000, 0x0000000084300000, 0x00000000d5580000)
  object space 68608K, 67% used [0x0000000080000000,0x0000000082d00730,0x0000000084300000)
 Metaspace       used 49065K, committed 50432K, reserved 1114112K
  class space    used 5330K, committed 5952K, reserved 1048576K
}
Event: 11.750 GC heap before
{Heap before GC invocations=32 (full 2):
 PSYoungGen      total 18432K, used 17856K [0x00000000d5580000, 0x00000000d6980000, 0x0000000100000000)
  eden space 16384K, 100% used [0x00000000d5580000,0x00000000d6580000,0x00000000d6580000)
  from space 2048K, 71% used [0x00000000d6580000,0x00000000d66f0000,0x00000000d6780000)
  to   space 2048K, 0% used [0x00000000d6780000,0x00000000d6780000,0x00000000d6980000)
 ParOldGen       total 68608K, used 46081K [0x0000000080000000, 0x0000000084300000, 0x00000000d5580000)
  object space 68608K, 67% used [0x0000000080000000,0x0000000082d00730,0x0000000084300000)
 Metaspace       used 49571K, committed 50880K, reserved 1114112K
  class space    used 5398K, committed 5952K, reserved 1048576K
}
Event: 11.754 GC heap after
{Heap after GC invocations=32 (full 2):
 PSYoungGen      total 17920K, used 1248K [0x00000000d5580000, 0x00000000d6900000, 0x0000000100000000)
  eden space 16384K, 0% used [0x00000000d5580000,0x00000000d5580000,0x00000000d6580000)
  from space 1536K, 81% used [0x00000000d6780000,0x00000000d68b8000,0x00000000d6900000)
  to   space 1536K, 0% used [0x00000000d6600000,0x00000000d6600000,0x00000000d6780000)
 ParOldGen       total 68608K, used 47458K [0x0000000080000000, 0x0000000084300000, 0x00000000d5580000)
  object space 68608K, 69% used [0x0000000080000000,0x0000000082e58930,0x0000000084300000)
 Metaspace       used 49571K, committed 50880K, reserved 1114112K
  class space    used 5398K, committed 5952K, reserved 1048576K
}
Event: 12.133 GC heap before
{Heap before GC invocations=33 (full 2):
 PSYoungGen      total 17920K, used 17632K [0x00000000d5580000, 0x00000000d6900000, 0x0000000100000000)
  eden space 16384K, 100% used [0x00000000d5580000,0x00000000d6580000,0x00000000d6580000)
  from space 1536K, 81% used [0x00000000d6780000,0x00000000d68b8000,0x00000000d6900000)
  to   space 1536K, 0% used [0x00000000d6600000,0x00000000d6600000,0x00000000d6780000)
 ParOldGen       total 68608K, used 47458K [0x0000000080000000, 0x0000000084300000, 0x00000000d5580000)
  object space 68608K, 69% used [0x0000000080000000,0x0000000082e58930,0x0000000084300000)
 Metaspace       used 51020K, committed 52352K, reserved 1114112K
  class space    used 5605K, committed 6208K, reserved 1048576K
}
Event: 12.136 GC heap after
{Heap after GC invocations=33 (full 2):
 PSYoungGen      total 17408K, used 523K [0x00000000d5580000, 0x00000000d6800000, 0x0000000100000000)
  eden space 16384K, 0% used [0x00000000d5580000,0x00000000d5580000,0x00000000d6580000)
  from space 1024K, 51% used [0x00000000d6600000,0x00000000d6682e58,0x00000000d6700000)
  to   space 1024K, 0% used [0x00000000d6700000,0x00000000d6700000,0x00000000d6800000)
 ParOldGen       total 68608K, used 48590K [0x0000000080000000, 0x0000000084300000, 0x00000000d5580000)
  object space 68608K, 70% used [0x0000000080000000,0x0000000082f73bf8,0x0000000084300000)
 Metaspace       used 51020K, committed 52352K, reserved 1114112K
  class space    used 5605K, committed 6208K, reserved 1048576K
}
Event: 12.684 GC heap before
{Heap before GC invocations=34 (full 2):
 PSYoungGen      total 17408K, used 16894K [0x00000000d5580000, 0x00000000d6800000, 0x0000000100000000)
  eden space 16384K, 99% used [0x00000000d5580000,0x00000000d657ca88,0x00000000d6580000)
  from space 1024K, 51% used [0x00000000d6600000,0x00000000d6682e58,0x00000000d6700000)
  to   space 1024K, 0% used [0x00000000d6700000,0x00000000d6700000,0x00000000d6800000)
 ParOldGen       total 68608K, used 48590K [0x0000000080000000, 0x0000000084300000, 0x00000000d5580000)
  object space 68608K, 70% used [0x0000000080000000,0x0000000082f73bf8,0x0000000084300000)
 Metaspace       used 51848K, committed 53184K, reserved 1114112K
  class space    used 5691K, committed 6272K, reserved 1048576K
}
Event: 12.686 GC heap after
{Heap after GC invocations=34 (full 2):
 PSYoungGen      total 16896K, used 384K [0x00000000d5580000, 0x00000000d6780000, 0x0000000100000000)
  eden space 16384K, 0% used [0x00000000d5580000,0x00000000d5580000,0x00000000d6580000)
  from space 512K, 75% used [0x00000000d6700000,0x00000000d6760010,0x00000000d6780000)
  to   space 512K, 0% used [0x00000000d6680000,0x00000000d6680000,0x00000000d6700000)
 ParOldGen       total 68608K, used 49010K [0x0000000080000000, 0x0000000084300000, 0x00000000d5580000)
  object space 68608K, 71% used [0x0000000080000000,0x0000000082fdc920,0x0000000084300000)
 Metaspace       used 51848K, committed 53184K, reserved 1114112K
  class space    used 5691K, committed 6272K, reserved 1048576K
}
Event: 13.103 GC heap before
{Heap before GC invocations=35 (full 2):
 PSYoungGen      total 16896K, used 16768K [0x00000000d5580000, 0x00000000d6780000, 0x0000000100000000)
  eden space 16384K, 100% used [0x00000000d5580000,0x00000000d6580000,0x00000000d6580000)
  from space 512K, 75% used [0x00000000d6700000,0x00000000d6760010,0x00000000d6780000)
  to   space 512K, 0% used [0x00000000d6680000,0x00000000d6680000,0x00000000d6700000)
 ParOldGen       total 68608K, used 49010K [0x0000000080000000, 0x0000000084300000, 0x00000000d5580000)
  object space 68608K, 71% used [0x0000000080000000,0x0000000082fdc920,0x0000000084300000)
 Metaspace       used 53914K, committed 55296K, reserved 1114112K
  class space    used 5878K, committed 6464K, reserved 1048576K
}
Event: 13.105 GC heap after
{Heap after GC invocations=35 (full 2):
 PSYoungGen      total 16896K, used 512K [0x00000000d5580000, 0x00000000d6780000, 0x0000000100000000)
  eden space 16384K, 0% used [0x00000000d5580000,0x00000000d5580000,0x00000000d6580000)
  from space 512K, 100% used [0x00000000d6680000,0x00000000d6700000,0x00000000d6700000)
  to   space 512K, 0% used [0x00000000d6700000,0x00000000d6700000,0x00000000d6780000)
 ParOldGen       total 68608K, used 49338K [0x0000000080000000, 0x0000000084300000, 0x00000000d5580000)
  object space 68608K, 71% used [0x0000000080000000,0x000000008302e930,0x0000000084300000)
 Metaspace       used 53914K, committed 55296K, reserved 1114112K
  class space    used 5878K, committed 6464K, reserved 1048576K
}
Event: 13.234 GC heap before
{Heap before GC invocations=36 (full 2):
 PSYoungGen      total 16896K, used 16826K [0x00000000d5580000, 0x00000000d6780000, 0x0000000100000000)
  eden space 16384K, 99% used [0x00000000d5580000,0x00000000d656e838,0x00000000d6580000)
  from space 512K, 100% used [0x00000000d6680000,0x00000000d6700000,0x00000000d6700000)
  to   space 512K, 0% used [0x00000000d6700000,0x00000000d6700000,0x00000000d6780000)
 ParOldGen       total 68608K, used 49338K [0x0000000080000000, 0x0000000084300000, 0x00000000d5580000)
  object space 68608K, 71% used [0x0000000080000000,0x000000008302e930,0x0000000084300000)
 Metaspace       used 54419K, committed 55808K, reserved 1114112K
  class space    used 5912K, committed 6528K, reserved 1048576K
}
Event: 13.236 GC heap after
{Heap after GC invocations=36 (full 2):
 PSYoungGen      total 15872K, used 504K [0x00000000d5580000, 0x00000000d6a80000, 0x0000000100000000)
  eden space 15360K, 0% used [0x00000000d5580000,0x00000000d5580000,0x00000000d6480000)
  from space 512K, 98% used [0x00000000d6700000,0x00000000d677e138,0x00000000d6780000)
  to   space 2560K, 0% used [0x00000000d6480000,0x00000000d6480000,0x00000000d6700000)
 ParOldGen       total 68608K, used 51107K [0x0000000080000000, 0x0000000084300000, 0x00000000d5580000)
  object space 68608K, 74% used [0x0000000080000000,0x00000000831e8c30,0x0000000084300000)
 Metaspace       used 54419K, committed 55808K, reserved 1114112K
  class space    used 5912K, committed 6528K, reserved 1048576K
}
Event: 13.296 GC heap before
{Heap before GC invocations=37 (full 2):
 PSYoungGen      total 15872K, used 15864K [0x00000000d5580000, 0x00000000d6a80000, 0x0000000100000000)
  eden space 15360K, 100% used [0x00000000d5580000,0x00000000d6480000,0x00000000d6480000)
  from space 512K, 98% used [0x00000000d6700000,0x00000000d677e138,0x00000000d6780000)
  to   space 2560K, 0% used [0x00000000d6480000,0x00000000d6480000,0x00000000d6700000)
 ParOldGen       total 68608K, used 51107K [0x0000000080000000, 0x0000000084300000, 0x00000000d5580000)
  object space 68608K, 74% used [0x0000000080000000,0x00000000831e8c30,0x0000000084300000)
 Metaspace       used 54424K, committed 55808K, reserved 1114112K
  class space    used 5912K, committed 6528K, reserved 1048576K
}
Event: 13.298 GC heap after
{Heap after GC invocations=37 (full 2):
 PSYoungGen      total 16384K, used 777K [0x00000000d5580000, 0x00000000d6780000, 0x0000000100000000)
  eden space 15360K, 0% used [0x00000000d5580000,0x00000000d5580000,0x00000000d6480000)
  from space 1024K, 75% used [0x00000000d6480000,0x00000000d6542730,0x00000000d6580000)
  to   space 1536K, 0% used [0x00000000d6600000,0x00000000d6600000,0x00000000d6780000)
 ParOldGen       total 68608K, used 51259K [0x0000000080000000, 0x0000000084300000, 0x00000000d5580000)
  object space 68608K, 74% used [0x0000000080000000,0x000000008320ec30,0x0000000084300000)
 Metaspace       used 54424K, committed 55808K, reserved 1114112K
  class space    used 5912K, committed 6528K, reserved 1048576K
}

